<?xml version="1.0" encoding="UTF-8"?>
<testng-results skipped="0" failed="0" ignored="0" total="2" passed="2">
  <reporter-output>
  </reporter-output>
  <suite name="Default suite" duration-ms="26338" started-at="2017-11-22T09:08:59Z" finished-at="2017-11-22T09:09:25Z">
    <groups>
    </groups>
    <test name="Default test" duration-ms="26338" started-at="2017-11-22T09:08:59Z" finished-at="2017-11-22T09:09:25Z">
      <class name="com.linkedin.qa.testcases.LoginPageTest">
        <test-method status="PASS" signature="setUp()[pri:0, instance:com.linkedin.qa.testcases.LoginPageTest@5e3a8624]" name="setUp" is-config="true" duration-ms="8561" started-at="2017-11-22T14:38:59Z" finished-at="2017-11-22T14:39:07Z">
          <reporter-output>
          </reporter-output>
        </test-method> <!-- setUp -->
        <test-method status="PASS" signature="loginPageTitleTest()[pri:1, instance:com.linkedin.qa.testcases.LoginPageTest@5e3a8624]" name="loginPageTitleTest" duration-ms="20" started-at="2017-11-22T14:39:07Z" finished-at="2017-11-22T14:39:08Z">
          <reporter-output>
          </reporter-output>
        </test-method> <!-- loginPageTitleTest -->
        <test-method status="PASS" signature="tearDown()[pri:0, instance:com.linkedin.qa.testcases.LoginPageTest@5e3a8624]" name="tearDown" is-config="true" duration-ms="551" started-at="2017-11-22T14:39:08Z" finished-at="2017-11-22T14:39:08Z">
          <reporter-output>
          </reporter-output>
        </test-method> <!-- tearDown -->
        <test-method status="PASS" signature="setUp()[pri:0, instance:com.linkedin.qa.testcases.LoginPageTest@5e3a8624]" name="setUp" is-config="true" duration-ms="7981" started-at="2017-11-22T14:39:08Z" finished-at="2017-11-22T14:39:16Z">
          <reporter-output>
          </reporter-output>
        </test-method> <!-- setUp -->
        <test-method status="PASS" signature="loginTest()[pri:2, instance:com.linkedin.qa.testcases.LoginPageTest@5e3a8624]" name="loginTest" duration-ms="8650" started-at="2017-11-22T14:39:16Z" finished-at="2017-11-22T14:39:25Z">
          <reporter-output>
          </reporter-output>
        </test-method> <!-- loginTest -->
        <test-method status="PASS" signature="tearDown()[pri:0, instance:com.linkedin.qa.testcases.LoginPageTest@5e3a8624]" name="tearDown" is-config="true" duration-ms="551" started-at="2017-11-22T14:39:25Z" finished-at="2017-11-22T14:39:25Z">
          <reporter-output>
          </reporter-output>
        </test-method> <!-- tearDown -->
      </class> <!-- com.linkedin.qa.testcases.LoginPageTest -->
    </test> <!-- Default test -->
  </suite> <!-- Default suite -->
</testng-results>
